<?xml version="1.0" encoding="UTF-8"?>
<!-- Generated by org.testng.reporters.JUnitReportReporter -->
<testsuite skipped="0" hostname="SS4-IN-PC" name="com.islandpacific.base.BaseTest" tests="1" failures="0" timestamp="2020-02-26T13:40:02 IST" time="119.177" errors="0">
  <testcase name="defInit" time="119.177" classname="com.islandpacific.base.BaseTest"/>
</testsuite> <!-- com.islandpacific.base.BaseTest -->
